<?xml version="1.0" encoding="UTF-8"?>
<!-- Generated by org.testng.reporters.JUnitReportReporter -->
<testsuite hostname="DESKTOP-CN52IQQ" failures="0" tests="2" name="testpkg.Testclass" time="19.995" errors="0" timestamp="2023-12-20T20:31:20 IST" skipped="0">
  <testcase classname="testpkg.Testclass" name="login" time="17.232"/>
  <system-out/>
  <testcase classname="testpkg.Testclass" name="test2" time="2.763"/>
  <system-out/>
</testsuite> <!-- testpkg.Testclass -->
